<?xml version="1.0" encoding="utf-8"?><testsuites name="pytest tests"><testsuite name="pytest" errors="0" failures="0" skipped="0" tests="355" time="29.598" timestamp="2026-07-29T20:40:44.046159+02:00" hostname="DTI-25650"><testcase classname="tests.planned.test_ds003_skeleton" name="test_i03_ds003_skeleton_is_versioned_valid_and_gold_blind" time="0.053" /><testcase classname="tests.planned.test_ev_acceptance" name="test_g1_pdf_evidence_contract_support" time="0.471" /><testcase classname="tests.planned.test_ev_acceptance" name="test_i03_onboarding_assertion_is_operator_input_evidence" time="0.038" /><testcase classname="tests.planned.test_ev_acceptance" name="test_ac_ev_001" time="0.386" /><testcase classname="tests.planned.test_ev_acceptance" name="test_i06_disposition_retry_is_append_only" time="0.520" /><testcase classname="tests.planned.test_ev_acceptance" name="test_i08_accounting_separates_actionable_failure_retryability" time="0.382" /><testcase classname="tests.planned.test_hitl_acceptance" name="test_ac_hitl_004" time="0.425" /><testcase classname="tests.planned.test_hitl_acceptance" name="test_i06_run_transition_guards_service_and_database" time="0.394" /><testcase classname="tests.planned.test_ont_acceptance" name="test_ac_ont_001" time="0.013" /><testcase classname="tests.planned.test_pdf_acceptance" name="test_ac_pdf_001" time="0.198" /><testcase classname="tests.planned.test_pdf_acceptance" name="test_ac_pdf_002" time="0.397" /><testcase classname="tests.planned.test_pdf_acceptance" name="test_ac_pdf_003" time="1.152" /><testcase classname="tests.planned.test_pdf_acceptance" name="test_i03_evidence_bridge_keeps_pdf_dependency_inside_adapter" time="0.398" /><testcase classname="tests.planned.test_pdf_acceptance" name="test_i03_evidence_ids_are_cross_type_registered" time="0.392" /><testcase classname="tests.planned.test_pdf_acceptance" name="test_ac_pdf_004" time="2.170" /><testcase classname="tests.planned.test_reg_acceptance" name="test_ac_reg_002" time="0.018" /><testcase classname="tests.planned.test_sec_acceptance" name="test_i04_upload_rejects_traversal_names[../escape.pdf]" time="0.053" /><testcase classname="tests.planned.test_sec_acceptance" name="test_i04_upload_rejects_traversal_names[%2e%2e%2fescape.pdf]" time="0.054" /><testcase classname="tests.planned.test_sec_acceptance" name="test_i04_upload_rejects_traversal_names[..%252fescape.pdf]" time="0.055" /><testcase classname="tests.planned.test_sec_acceptance" name="test_i04_upload_and_request_limits_are_effective" time="0.051" /><testcase classname="tests.planned.test_sec_acceptance" name="test_i04_raw_store_rejects_symlink_escape_and_prefix_collision" time="0.004" /><testcase classname="tests.planned.test_sec_acceptance" name="test_i04_legacy_manual_load_is_exact_inventory_only" time="0.033" /><testcase classname="tests.planned.test_sec_acceptance" name="test_ac_sec_003" time="0.026" /><testcase classname="tests.planned.test_sec_acceptance" name="test_i05_started_server_enforces_origin_on_loopback" time="1.704" /><testcase classname="tests.planned.test_ws_acceptance" name="test_i01_confirmed_asset_is_unique_and_resumable" time="0.071" /><testcase classname="tests.planned.test_ws_acceptance" name="test_i01_placeholder_fails_before_persistence" time="0.025" /><testcase classname="tests.planned.test_ws_acceptance" name="test_i01_migration_and_cross_type_id_registry" time="0.039" /><testcase classname="tests.planned.test_ws_acceptance" name="test_ac_ws_001" time="0.088" /><testcase classname="tests.planned.test_ws_acceptance" name="test_ac_ws_004" time="0.728" /><testcase classname="tests.planned.test_ws_acceptance" name="test_ac_ws_005" time="0.142" /><testcase classname="tests.test_chat_actions_service" name="test_run_action_chains_approve_cut_plan_to_draft_ontology_without_http" time="0.001" /><testcase classname="tests.test_chat_actions_service" name="test_run_action_refuses_action_when_gate_blocks_it" time="0.000" /><testcase classname="tests.test_chat_actions_service" name="test_run_action_emits_error_and_done_when_dispatch_raises" time="0.033" /><testcase classname="tests.test_chat_event_characterization" name="test_chat_action_flow_characterizes_event_and_widget_contracts" time="0.065" /><testcase classname="tests.test_chat_orchestrator_status.ChatOrchestratorStatusTests" name="test_build_messages_includes_authoritative_live_snapshot" time="0.001" /><testcase classname="tests.test_chat_orchestrator_status.ChatOrchestratorStatusTests" name="test_continue_is_not_used_for_next_step_questions" time="0.000" /><testcase classname="tests.test_chat_orchestrator_status.ChatOrchestratorStatusTests" name="test_inventory_request_detection_handles_italian_node_questions" time="0.000" /><testcase classname="tests.test_chat_orchestrator_status.ChatOrchestratorStatusTests" name="test_inventory_request_detection_handles_triplet_questions" time="0.000" /><testcase classname="tests.test_chat_orchestrator_status.ChatOrchestratorStatusTests" name="test_non_status_query_returns_none" time="0.000" /><testcase classname="tests.test_chat_orchestrator_status.ChatOrchestratorStatusTests" name="test_off_topic_query_is_blocked_with_contextual_redirect" time="0.000" /><testcase classname="tests.test_chat_orchestrator_status.ChatOrchestratorStatusTests" name="test_progress_reply_reports_ontology_blockers_and_next_step" time="0.000" /><testcase classname="tests.test_chat_orchestrator_status.ChatOrchestratorStatusTests" name="test_repeat_section_query_lists_all_sections_and_cleans_duplicate_ranges" time="0.000" /><testcase classname="tests.test_chat_orchestrator_status.ChatOrchestratorStatusTests" name="test_rerun_detection_targets_completed_step" time="0.000" /><testcase classname="tests.test_chat_orchestrator_status.ChatOrchestratorStatusTests" name="test_scoping_page_count_reply_uses_live_cut_plan_counts" time="0.000" /><testcase classname="tests.test_chat_orchestrator_status.ChatOrchestratorStatusTests" name="test_scoping_section_reply_uses_real_section_names" time="0.000" /><testcase classname="tests.test_chat_orchestrator_status.ChatOrchestratorStatusTests" name="test_short_process_command_is_not_treated_as_off_topic" time="0.000" /><testcase classname="tests.test_chat_orchestrator_status.ChatOrchestratorStatusTests" name="test_status_reply_says_extraction_is_not_blocked_by_suggestions_only" time="0.000" /><testcase classname="tests.test_chat_orchestrator_status.ChatOrchestratorStatusTests" name="test_strip_leading_widget_payload_keeps_plain_followup" time="0.000" /><testcase classname="tests.test_chat_orchestrator_status.ChatOrchestratorStatusTests" name="test_widget_tool_result_followup_summary_omits_raw_payload_lists" time="0.000" /><testcase classname="tests.test_chat_tools_state.ChatToolStateTests" name="test_explain_decision_returns_concrete_page_and_section_facts" time="0.114" /><testcase classname="tests.test_chat_tools_state.ChatToolStateTests" name="test_extraction_memory_snapshot_keeps_compact_node_preview" time="0.002" /><testcase classname="tests.test_chat_tools_state.ChatToolStateTests" name="test_list_extracted_nodes_returns_names_and_types_from_current_state" time="0.001" /><testcase classname="tests.test_chat_tools_state.ChatToolStateTests" name="test_list_extracted_triplets_reports_review_chain" time="0.002" /><testcase classname="tests.test_chat_tools_state.ChatToolStateTests" name="test_propose_cut_plan_deduplicates_concurrent_execution" time="0.034" /><testcase classname="tests.test_chat_tools_state.ChatToolStateTests" name="test_propose_cut_plan_preserves_zero_page_offset" time="0.004" /><testcase classname="tests.test_chat_tools_state.ChatToolPayloadTests" name="test_critique_ontology_draft_surfaces_candidate_relations_for_graph_issues" time="0.000" /><testcase classname="tests.test_chat_tools_state.ChatToolPayloadTests" name="test_ontology_review_payload_includes_stats_and_previews" time="0.000" /><testcase classname="tests.test_chat_tools_state.ChatToolPayloadTests" name="test_triplet_graph_payload_builds_full_graph_and_focus_metadata" time="0.000" /><testcase classname="tests.test_confidence.ConfidenceScoringTests" name="test_auto_reject_disabled_by_default" time="0.001" /><testcase classname="tests.test_confidence.ConfidenceScoringTests" name="test_auto_reject_enabled_via_config_override" time="0.000" /><testcase classname="tests.test_confidence.ConfidenceScoringTests" name="test_complete_node_gets_high_score" time="0.000" /><testcase classname="tests.test_confidence.ConfidenceScoringTests" name="test_counts_sum_matches_total_entries" time="0.000" /><testcase classname="tests.test_confidence.ConfidenceScoringTests" name="test_disabled_config_short_circuits" time="0.000" /><testcase classname="tests.test_confidence.ConfidenceScoringTests" name="test_evidence_propagated_from_relations" time="0.000" /><testcase classname="tests.test_confidence.ConfidenceScoringTests" name="test_human_binding_penalty_applied" time="0.000" /><testcase classname="tests.test_confidence.ConfidenceScoringTests" name="test_missing_chain_relation_penalizes_failure_mode" time="0.000" /><testcase classname="tests.test_confidence.ConfidenceScoringTests" name="test_missing_evidence_lowers_score" time="0.000" /><testcase classname="tests.test_confidence.ConfidenceScoringTests" name="test_missing_required_property_lowers_score" time="0.000" /><testcase classname="tests.test_confidence.ConfidenceScoringTests" name="test_retry_penalty_applied" time="0.000" /><testcase classname="tests.test_confidence.ConfidenceScoringTests" name="test_semantic_issue_on_node_kills_clean_extraction_signal" time="0.000" /><testcase classname="tests.test_confidence.NodeIdResolutionTests" name="test_node_id_uses_schema_field_regardless_of_key_order" time="0.000" /><testcase classname="tests.test_coverage_completion_service.ChainSummaryTests" name="test_summary_lists_symptom_with_failure_modes" time="0.000" /><testcase classname="tests.test_coverage_completion_service.ApplyMissingChainsTests" name="test_chain_without_supported_quote_is_dropped" time="0.001" /><testcase classname="tests.test_coverage_completion_service.ApplyMissingChainsTests" name="test_empty_payload_is_noop" time="0.000" /><testcase classname="tests.test_coverage_completion_service.ApplyMissingChainsTests" name="test_grounded_chain_is_added" time="0.000" /><testcase classname="tests.test_coverage_completion_service.ApplyMissingChainsTests" name="test_max_chains_cap_is_respected" time="0.000" /><testcase classname="tests.test_coverage_completion_service.ApplyMissingChainsTests" name="test_placeholder_ids_never_produce_dangling_relations" time="0.000" /><testcase classname="tests.test_coverage_completion_service.ApplyMissingChainsTests" name="test_reemitted_existing_chain_dedupes_to_noop" time="0.000" /><testcase classname="tests.test_cutplan_service.CutPlanServiceTests" name="test_extract_asset_identity_infers_brand_and_model_from_source_title" time="0.000" /><testcase classname="tests.test_cutplan_service.CutPlanServiceTests" name="test_extract_asset_identity_prefers_source_title_over_filename" time="0.000" /><testcase classname="tests.test_cutplan_service.CutPlanServiceTests" name="test_is_component_inventory_section_matches_parts_lists_and_reference_diagrams" time="0.000" /><testcase classname="tests.test_cutplan_service.CutPlanServiceTests" name="test_normalize_product_info_cleans_manual_labels" time="0.000" /><testcase classname="tests.test_cutplan_service.CutPlanServiceTests" name="test_normalize_product_info_preserves_brand_and_model_when_available" time="0.000" /><testcase classname="tests.test_cutplan_service.CutPlanServiceTests" name="test_normalize_product_info_uses_filename_fallback" time="0.000" /><testcase classname="tests.test_cutplan_service.CutPlanServiceTests" name="test_select_toc_sections_does_not_shift_when_manual_page_one_is_pdf_page_one" time="0.000" /><testcase classname="tests.test_cutplan_service.CutPlanServiceTests" name="test_select_toc_sections_includes_component_inventory_titles" time="0.000" /><testcase classname="tests.test_cutplan_service.CutPlanServiceTests" name="test_select_toc_sections_prefers_service_relevant_titles" time="0.000" /><testcase classname="tests.test_cutplan_service.FindTocPagesTests" name="test_long_toc_is_collected_beyond_six_pages" time="0.000" /><testcase classname="tests.test_cutplan_service.FindTocPagesTests" name="test_small_doc_default_window_still_15_pages" time="0.000" /><testcase classname="tests.test_cutplan_service.FindTocPagesTests" name="test_toc_behind_long_front_matter_is_found_on_large_manuals" time="0.000" /><testcase classname="tests.test_eval_golden" name="test_soft_match_rejects_empty_actual" time="0.005" /><testcase classname="tests.test_eval_golden" name="test_code_match_is_token_exact" time="0.001" /><testcase classname="tests.test_eval_golden" name="test_wrong_fm_ca_pairing_is_a_miss" time="0.000" /><testcase classname="tests.test_eval_golden" name="test_expected_error_code_requires_wired_code" time="0.000" /><testcase classname="tests.test_eval_golden" name="test_error_code_rooted_expected_matches_graph_chain" time="0.000" /><testcase classname="tests.test_eval_golden" name="test_expected_gap_rejects_resolved_by_even_when_projection_is_actionless" time="0.000" /><testcase classname="tests.test_eval_golden" name="test_expected_gap_passes_without_action_and_omission_is_not_negative" time="0.001" /><testcase classname="tests.test_eval_golden" name="test_expected_gap_validation_and_sibling_cause_disambiguation" time="0.000" /><testcase classname="tests.test_eval_golden" name="test_forbidden_chain_violation_is_detected" time="0.000" /><testcase classname="tests.test_eval_golden" name="test_forbidden_rules_do_not_soft_match_generic_phrases" time="0.000" /><testcase classname="tests.test_eval_golden" name="test_paraphrased_fm_is_grounded_via_relation_quote" time="0.001" /><testcase classname="tests.test_eval_golden" name="test_quality_gates_floor_and_unsupported_rate" time="0.000" /><testcase classname="tests.test_eval_golden" name="test_machine_logs_ingestion_view_is_blinded" time="0.008" /><testcase classname="tests.test_eval_golden" name="test_all_checked_in_fixtures_make_actionless_expectations_explicit" time="0.044" /><testcase classname="tests.test_eval_golden" name="test_gate_failures_include_quality_gates" time="0.001" /><testcase classname="tests.test_eval_golden" name="test_gate_failures_include_expected_gap_violations" time="0.001" /><testcase classname="tests.test_eval_golden" name="test_gate_failures_include_structural_contracts" time="0.000" /><testcase classname="tests.test_eval_golden" name="test_recall_floor_replaces_baseline_recall_comparison" time="0.006" /><testcase classname="tests.test_eval_golden" name="test_extra_chains_are_split_into_grounded_and_unsupported" time="0.001" /><testcase classname="tests.test_eval_golden" name="test_one_actual_chain_cannot_satisfy_two_expected_items" time="0.001" /><testcase classname="tests.test_eval_golden" name="test_eval_golden_mock_runs_all_fixtures_and_writes_report" time="3.065" /><testcase classname="tests.test_extraction_quality_fixes.SeverityNormalizationTests" name="test_canonical_values_pass_through" time="0.000" /><testcase classname="tests.test_extraction_quality_fixes.SeverityNormalizationTests" name="test_common_drift_values_are_mapped" time="0.000" /><testcase classname="tests.test_extraction_quality_fixes.SeverityNormalizationTests" name="test_empty_stays_empty_and_unknown_falls_back_to_medium" time="0.000" /><testcase classname="tests.test_extraction_quality_fixes.MaterialContextResolutionTests" name="test_asset_reference_becomes_asset_level" time="0.000" /><testcase classname="tests.test_extraction_quality_fixes.MaterialContextResolutionTests" name="test_case_mismatch_is_resolved_to_real_component_id" time="0.000" /><testcase classname="tests.test_extraction_quality_fixes.MaterialContextResolutionTests" name="test_component_name_is_resolved_to_id" time="0.000" /><testcase classname="tests.test_extraction_quality_fixes.MaterialContextResolutionTests" name="test_unresolved_value_is_left_unchanged_for_validation" time="0.000" /><testcase classname="tests.test_extraction_quality_fixes.ActionableInstructionTests" name="test_cause_statement_is_not_actionable" time="0.000" /><testcase classname="tests.test_extraction_quality_fixes.ActionableInstructionTests" name="test_empty_is_not_actionable" time="0.000" /><testcase classname="tests.test_extraction_quality_fixes.ActionableInstructionTests" name="test_repair_steps_are_actionable" time="0.000" /><testcase classname="tests.test_extraction_quality_fixes.ErrorCodeMiningContextTests" name="test_code_with_alarm_context_is_kept" time="0.001" /><testcase classname="tests.test_extraction_quality_fixes.ErrorCodeMiningContextTests" name="test_exploded_view_part_codes_are_dropped" time="0.001" /><testcase classname="tests.test_extraction_quality_fixes.ErrorCodeMiningContextTests" name="test_referenced_standard_is_dropped" time="0.000" /><testcase classname="tests.test_extraction_quality_fixes.NormalizationIntegrationTests" name="test_normalize_resolves_material_context_and_severity" time="0.001" /><testcase classname="tests.test_extraction_quality_fixes.InstructionGuardValidationTests" name="test_actionable_instruction_emits_no_guard_warning" time="0.000" /><testcase classname="tests.test_extraction_quality_fixes.InstructionGuardValidationTests" name="test_escalation_action_is_not_flagged_non_actionable" time="0.000" /><testcase classname="tests.test_extraction_quality_fixes.InstructionGuardValidationTests" name="test_non_actionable_instruction_emits_warning_not_error" time="0.000" /><testcase classname="tests.test_extraction_quality_fixes.EvidenceGroundingTests" name="test_causal_relation_without_quote_is_ungrounded" time="0.001" /><testcase classname="tests.test_extraction_quality_fixes.EvidenceGroundingTests" name="test_grounded_and_ungrounded_relations_are_separated" time="0.000" /><testcase classname="tests.test_extraction_quality_fixes.EvidenceGroundingTests" name="test_ungrounded_nodes_drop_out_of_auto_approve" time="0.001" /><testcase classname="tests.test_extraction_quality_fixes.ResolutionCompletionGatingTests" name="test_error_code_absent_from_pages_is_skipped_without_llm_call" time="0.000" /><testcase classname="tests.test_extraction_quality_fixes.ResolutionCompletionGatingTests" name="test_retrieved_action_without_quote_is_dropped" time="0.000" /><testcase classname="tests.test_extraction_quality_fixes.GraphClosureTests" name="test_grounded_affects_is_auto_applied" time="0.000" /><testcase classname="tests.test_extraction_quality_fixes.GraphClosureTests" name="test_low_confidence_suggestion_is_not_applied" time="0.000" /><testcase classname="tests.test_extraction_quality_fixes.GraphClosureTests" name="test_may_indicate_is_never_auto_applied" time="0.000" /><testcase classname="tests.test_extraction_quality_fixes.GraphClosureTests" name="test_resolved_by_is_never_auto_applied" time="0.000" /><testcase classname="tests.test_extraction_quality_fixes.GraphClosureTests" name="test_ungrounded_suggestion_is_left_for_the_operator" time="0.000" /><testcase classname="tests.test_extraction_quality_fixes.GraphProjectionTests" name="test_no_chains_means_no_projection" time="0.001" /><testcase classname="tests.test_extraction_quality_fixes.GraphProjectionTests" name="test_orphan_symptom_is_not_projected_as_triplet" time="0.000" /><testcase classname="tests.test_extraction_quality_fixes.GraphProjectionTests" name="test_projection_carries_error_codes_from_indicates" time="0.000" /><testcase classname="tests.test_extraction_quality_fixes.GraphProjectionTests" name="test_projection_preserves_graph_ids_and_chain" time="0.000" /><testcase classname="tests.test_extraction_quality_fixes.OpenGapsTests" name="test_complete_chain_has_no_gaps" time="0.000" /><testcase classname="tests.test_extraction_quality_fixes.OpenGapsTests" name="test_multi_cause_symptom_is_review_flag_not_open_gap" time="0.000" /><testcase classname="tests.test_extraction_quality_fixes.OpenGapsTests" name="test_open_gaps_name_the_specific_nodes" time="0.000" /><testcase classname="tests.test_extraction_quality_fixes.OpenGapsTests" name="test_review_queue_attaches_resolved_by_candidates_to_orphan_fm" time="0.000" /><testcase classname="tests.test_extraction_quality_fixes.OpenGapsTests" name="test_review_queue_orders_blocking_before_advisory" time="0.000" /><testcase classname="tests.test_extraction_quality_fixes.ExportGatingTests" name="test_export_metadata_clean_when_connected" time="0.000" /><testcase classname="tests.test_extraction_quality_fixes.ExportGatingTests" name="test_export_metadata_lists_open_gaps" time="0.000" /><testcase classname="tests.test_extraction_quality_fixes.ReviewQueueConfidenceTests" name="test_actionable_confidence_reason_still_forces_operator_review" time="0.000" /><testcase classname="tests.test_extraction_quality_fixes.ReviewQueueConfidenceTests" name="test_soft_confidence_band_does_not_force_operator_review" time="0.000" /><testcase classname="tests.test_generate_export_route.GenerateExportRouteTests" name="test_generate_json_does_not_block_on_warning_only_schema_issues" time="0.013" /><testcase classname="tests.test_generate_export_route.GenerateExportRouteTests" name="test_generate_json_exports_best_effort_even_with_blocking_schema_issues" time="0.003" /><testcase classname="tests.test_improvement_sprints.JsonRepairLadderTests" name="test_completion_helper_retries_when_json_is_truncated_at_output_limit" time="0.079" /><testcase classname="tests.test_improvement_sprints.JsonRepairLadderTests" name="test_json_repair_library_handles_trailing_comma" time="0.000" /><testcase classname="tests.test_improvement_sprints.JsonRepairLadderTests" name="test_strict_parse_records_no_repair_event" time="0.000" /><testcase classname="tests.test_improvement_sprints.JsonRepairLadderTests" name="test_substring_repair_fires_on_leading_prose" time="0.002" /><testcase classname="tests.test_improvement_sprints.OntologyDraftResilienceTests" name="test_call_extractor_llm_falls_back_to_empty_chunk_when_retry_still_returns_broken_json" time="0.001" /><testcase classname="tests.test_improvement_sprints.CandidateMiningTests" name="test_component_and_error_code_recall" time="0.001" /><testcase classname="tests.test_improvement_sprints.CandidateMiningTests" name="test_empty_text_yields_empty_block" time="0.000" /><testcase classname="tests.test_improvement_sprints.CandidateMiningTests" name="test_render_prompt_block_mentions_candidates_and_recall_floor" time="0.000" /><testcase classname="tests.test_improvement_sprints.TypeConsistencyTests" name="test_flags_pure_tautological_pair" time="0.001" /><testcase classname="tests.test_improvement_sprints.TypeConsistencyTests" name="test_shared_cause_token_in_symptom_does_not_suppress" time="0.000" /><testcase classname="tests.test_improvement_sprints.TypeConsistencyTests" name="test_silent_when_failure_adds_distinctive_cause_token" time="0.000" /><testcase classname="tests.test_improvement_sprints.ExistingIdCatalogBlockTests" name="test_block_is_injected_into_extraction_prompt" time="0.000" /><testcase classname="tests.test_improvement_sprints.ExistingIdCatalogBlockTests" name="test_empty_inputs_return_empty_string" time="0.000" /><testcase classname="tests.test_improvement_sprints.ExistingIdCatalogBlockTests" name="test_renders_known_id_buckets" time="0.000" /><testcase classname="tests.test_improvement_sprints.EvidencePageParsingTests" name="test_parse_extraction_back_compat_missing_evidence_column" time="0.000" /><testcase classname="tests.test_improvement_sprints.EvidencePageParsingTests" name="test_parse_extraction_handles_adjacent_tables_without_headings" time="0.000" /><testcase classname="tests.test_improvement_sprints.EvidencePageParsingTests" name="test_parse_extraction_reads_evidence_page_columns" time="0.000" /><testcase classname="tests.test_improvement_sprints.MaterialContextValidationTests" name="test_silent_when_material_context_is_asset_level" time="0.000" /><testcase classname="tests.test_improvement_sprints.MaterialContextValidationTests" name="test_silent_when_material_context_is_component_id" time="0.000" /><testcase classname="tests.test_improvement_sprints.MaterialContextValidationTests" name="test_warns_when_material_context_is_free_text" time="0.000" /><testcase classname="tests.test_improvement_sprints.ResolutionGapAnalysisTests" name="test_error_code_to_unresolved_failure_is_flagged" time="0.001" /><testcase classname="tests.test_improvement_sprints.ResolutionGapAnalysisTests" name="test_error_code_without_failure_link_is_flagged" time="0.000" /><testcase classname="tests.test_improvement_sprints.ResolutionCompletionServiceTests" name="test_build_resolution_targets_flags_unresolved_failure_and_unlinked_error" time="0.000" /><testcase classname="tests.test_improvement_sprints.ResolutionCompletionServiceTests" name="test_build_resolution_targets_uncapped_when_max_is_zero" time="0.000" /><testcase classname="tests.test_improvement_sprints.ResolutionCompletionServiceTests" name="test_completion_adds_corrective_action_for_existing_failure" time="0.000" /><testcase classname="tests.test_improvement_sprints.ResolutionCompletionServiceTests" name="test_completion_can_link_error_code_to_new_failure_and_action" time="0.000" /><testcase classname="tests.test_improvement_sprints.ResolutionCompletionServiceTests" name="test_completion_captures_escalation_action" time="0.000" /><testcase classname="tests.test_improvement_sprints.ResolutionCompletionServiceTests" name="test_completion_corrects_cited_page_when_quote_found_elsewhere" time="0.000" /><testcase classname="tests.test_improvement_sprints.ResolutionCompletionServiceTests" name="test_completion_drops_action_with_unsupported_evidence_quote" time="0.000" /><testcase classname="tests.test_improvement_sprints.ResolutionCompletionServiceTests" name="test_completion_infers_escalation_kind_when_absent" time="0.000" /><testcase classname="tests.test_improvement_sprints.ResolutionCompletionServiceTests" name="test_completion_reuses_existing_action_id_without_duplicating" time="0.000" /><testcase classname="tests.test_improvement_sprints.ResolutionCompletionServiceTests" name="test_completion_searches_full_manual_corpus" time="0.000" /><testcase classname="tests.test_improvement_sprints.DerivedGeneratesErrorTests" name="test_normalize_derives_generates_error_for_every_error_code" time="0.000" /><testcase classname="tests.test_improvement_sprints.MergeEvidenceAndDedupTests" name="test_affects_inferred_from_material_context_carries_evidence" time="0.000" /><testcase classname="tests.test_improvement_sprints.MergeEvidenceAndDedupTests" name="test_cross_schema_fuzzy_match_preserves_descriptive_ids" time="0.000" /><testcase classname="tests.test_improvement_sprints.MergeEvidenceAndDedupTests" name="test_may_indicate_and_resolved_by_emit_evidence_entries" time="0.000" /><testcase classname="tests.test_large_manual_fixes.CompactResolutionPromptTests" name="test_prompt_node_dump_does_not_scale_with_node_payloads" time="0.001" /><testcase classname="tests.test_large_manual_fixes.PatchDanglingRelationTests" name="test_contradictory_patch_cannot_add_relation_from_removed_node" time="0.000" /><testcase classname="tests.test_large_manual_fixes.PatchDanglingRelationTests" name="test_relation_to_invented_id_is_skipped" time="0.000" /><testcase classname="tests.test_large_manual_fixes.PatchDanglingRelationTests" name="test_valid_added_relation_still_applies" time="0.000" /><testcase classname="tests.test_large_manual_fixes.OperationalStateReviewFlagTests" name="test_operational_state_fm_surfaces_as_advisory_not_blocking" time="0.000" /><testcase classname="tests.test_large_manual_fixes.AffectsAssetTargetTests" name="test_affects_pointing_at_the_asset_is_dropped" time="0.000" /><testcase classname="tests.test_llm_gateway" name="test_gateway_defaults_to_real_mode_and_uses_real_factory" time="0.000" /><testcase classname="tests.test_llm_gateway" name="test_mock_mode_works_without_openai_api_key_in_fresh_process" time="0.445" /><testcase classname="tests.test_llm_gateway" name="test_mock_scoping_and_extraction_call_sites" time="0.001" /><testcase classname="tests.test_llm_gateway" name="test_mock_async_chat_call_site" time="0.001" /><testcase classname="tests.test_llm_gateway" name="test_mock_style_cleanup_call_site" time="0.000" /><testcase classname="tests.test_llm_gateway" name="test_mock_ontology_pipeline_call_site" time="0.031" /><testcase classname="tests.test_llm_gateway" name="test_mock_fixture_response_overrides_generic_stage_reply" time="0.016" /><testcase classname="tests.test_llm_gateway" name="test_mock_without_fixture_env_keeps_generic_replies" time="0.000" /><testcase classname="tests.test_llm_service_semantics.LlmServiceSemanticMergeTests" name="test_filter_extraction_result_by_source_support_drops_unbacked_actions" time="0.001" /><testcase classname="tests.test_llm_service_semantics.LlmServiceSemanticMergeTests" name="test_filter_extraction_result_by_source_support_trims_unsupported_steps" time="0.001" /><testcase classname="tests.test_llm_service_semantics.LlmServiceSemanticMergeTests" name="test_merge_extraction_results_cross_chunk_action_reconciliation" time="0.000" /><testcase classname="tests.test_llm_service_semantics.LlmServiceSemanticMergeTests" name="test_merge_extraction_results_deduplicates_semantic_duplicates" time="0.000" /><testcase classname="tests.test_llm_service_semantics.LlmServiceSemanticMergeTests" name="test_merge_extraction_results_drops_symptom_without_failure_mode_and_action" time="0.000" /><testcase classname="tests.test_llm_service_semantics.LlmServiceSemanticMergeTests" name="test_merge_extraction_results_filters_verification_only_noise" time="0.000" /><testcase classname="tests.test_llm_service_semantics.LlmServiceSemanticMergeTests" name="test_merge_extraction_results_keeps_symptom_plus_failure_mode_without_action" time="0.000" /><testcase classname="tests.test_manual_loader" name="test_markdown_golden_manuals_load_as_runtime_stores" time="0.006" /><testcase classname="tests.test_multi_agent_mode_flow" name="test_scoping_agent_uses_workflow_and_keeps_cut_plan_shape" time="0.001" /><testcase classname="tests.test_multi_agent_mode_flow" name="test_ontology_draft_agent_uses_workflow_and_keeps_shape" time="0.001" /><testcase classname="tests.test_multi_agent_mode_flow" name="test_extraction_pipeline_uses_extraction_agent_and_keeps_shape" time="0.001" /><testcase classname="tests.test_multi_agent_mode_flow" name="test_extraction_pipeline_runs_phase3_agents_when_enabled_and_preserves_shape" time="0.001" /><testcase classname="tests.test_multi_agent_mode_flow" name="test_generate_json_reads_ontology_from_graph_state_in_multi_agent" time="0.002" /><testcase classname="tests.test_multi_agent_mode_flow" name="test_generate_json_minimal_fallback_autofills_asset_identity" time="0.002" /><testcase classname="tests.test_multi_agent_mode_flow" name="test_multi_agent_status_and_audit_endpoints_are_read_only" time="0.008" /><testcase classname="tests.test_multi_agent_state" name="test_seed_graph_state_initializes_run_metadata" time="0.000" /><testcase classname="tests.test_multi_agent_state" name="test_scoping_agent_updates_graph_state" time="0.001" /><testcase classname="tests.test_multi_agent_state" name="test_ontology_draft_agent_updates_graph_state" time="0.001" /><testcase classname="tests.test_multi_agent_state" name="test_extraction_agent_updates_graph_state" time="0.001" /><testcase classname="tests.test_multi_agent_state" name="test_validation_agent_updates_graph_state_with_advisory_verdicts" time="0.001" /><testcase classname="tests.test_multi_agent_state" name="test_supervisor_records_validation_route_without_bypassing_triplet_review" time="0.000" /><testcase classname="tests.test_multi_agent_state" name="test_coverage_agent_updates_graph_state_with_page_gap_analysis" time="0.001" /><testcase classname="tests.test_multi_agent_state" name="test_grounding_agent_updates_verdicts_with_deeper_support_checks" time="0.002" /><testcase classname="tests.test_multi_agent_state" name="test_conflict_resolution_agent_records_duplicate_triplets" time="0.001" /><testcase classname="tests.test_multi_agent_state" name="test_refiner_agent_updates_targeted_entities_and_logs_attempts" time="0.001" /><testcase classname="tests.test_multi_agent_state" name="test_supervisor_routes_grounding_to_triplet_review_when_no_other_agents_are_enabled" time="0.000" /><testcase classname="tests.test_no_graph_editor" name="test_legacy_editor_sources_and_routes_are_absent" time="0.058" /><testcase classname="tests.test_no_graph_editor" name="test_chat_catalog_has_no_free_graph_mutation_tools" time="0.000" /><testcase classname="tests.test_no_graph_editor" name="test_published_graph_inspection_is_read_only" time="0.013" /><testcase classname="tests.test_no_graph_editor" name="test_read_only_visualization_payload_survives_editor_removal" time="0.000" /><testcase classname="tests.test_ontology_contract.OntologyContractTests" name="test_contract_output_has_canonical_top_level_keys" time="0.000" /><testcase classname="tests.test_ontology_contract.OntologyContractTests" name="test_contract_validation_preserves_standalone_components" time="0.000" /><testcase classname="tests.test_ontology_contract.OntologyContractTests" name="test_legacy_printer_is_migrated_to_asset" time="0.000" /><testcase classname="tests.test_ontology_coverage" name="test_internal_relation_name_is_counted" time="0.000" /><testcase classname="tests.test_ontology_coverage" name="test_error_code_is_a_valid_diagnostic_root_for_failure_mode" time="0.000" /><testcase classname="tests.test_ontology_coverage" name="test_operational_state_failure_modes_are_excluded_from_actionable_denominator" time="0.000" /><testcase classname="tests.test_ontology_coverage" name="test_resolution_outcome_splits_procedure_and_escalation" time="0.000" /><testcase classname="tests.test_ontology_export_store" name="test_persist_exported_ontology_writes_bundle_in_output" time="0.016" /><testcase classname="tests.test_ontology_export_store" name="test_persist_export_metrics_writes_summary_json_next_to_ontology" time="0.011" /><testcase classname="tests.test_ontology_export_store" name="test_prepare_exported_ontology_best_effort_includes_warnings_for_incomplete_payload" time="0.000" /><testcase classname="tests.test_ontology_merge_service.OntologyMergeServiceTests" name="test_merge_adds_missing_has_component_relation" time="0.000" /><testcase classname="tests.test_ontology_merge_service.OntologyMergeServiceTests" name="test_merge_infers_affects_relation_from_existing_component" time="0.000" /><testcase classname="tests.test_ontology_merge_service.OntologyMergeServiceTests" name="test_merge_preserves_error_code_chain_without_symptom" time="0.000" /><testcase classname="tests.test_ontology_merge_service.OntologyMergeServiceTests" name="test_merge_preserves_existing_component_context" time="0.000" /><testcase classname="tests.test_ontology_merge_service.OntologyMergeServiceTests" name="test_merge_validated_triplets_reuses_existing_semantic_nodes" time="0.000" /><testcase classname="tests.test_ontology_patch_service.IsOntologyPatchTests" name="test_full_instance_is_not_a_patch" time="0.000" /><testcase classname="tests.test_ontology_patch_service.IsOntologyPatchTests" name="test_patch_payload_is_detected" time="0.000" /><testcase classname="tests.test_ontology_patch_service.ApplyOntologyPatchTests" name="test_add_relations_are_deduplicated" time="0.000" /><testcase classname="tests.test_ontology_patch_service.ApplyOntologyPatchTests" name="test_empty_patch_is_identity" time="0.000" /><testcase classname="tests.test_ontology_patch_service.ApplyOntologyPatchTests" name="test_inputs_are_not_mutated" time="0.000" /><testcase classname="tests.test_ontology_patch_service.ApplyOntologyPatchTests" name="test_remove_node_also_drops_incident_relations" time="0.000" /><testcase classname="tests.test_ontology_patch_service.ApplyOntologyPatchTests" name="test_remove_relation_by_key" time="0.000" /><testcase classname="tests.test_ontology_patch_service.ApplyOntologyPatchTests" name="test_upsert_appends_new_node" time="0.000" /><testcase classname="tests.test_ontology_patch_service.ApplyOntologyPatchTests" name="test_upsert_replaces_node_with_same_id" time="0.000" /><testcase classname="tests.test_ontology_pipeline_coercion" name="test_coerce_raw_ontology_data_accepts_relation_alias_key" time="0.000" /><testcase classname="tests.test_ontology_pipeline_coercion" name="test_normalize_ontology_instance_adds_missing_has_component" time="0.000" /><testcase classname="tests.test_ontology_pipeline_coercion" name="test_normalize_ontology_instance_applies_canonical_asset_identity_and_remaps_relations" time="0.000" /><testcase classname="tests.test_ontology_pipeline_coercion" name="test_merge_pipeline_results_rebuilds_missing_has_component" time="0.000" /><testcase classname="tests.test_ontology_pipeline_coercion" name="test_merge_pipeline_results_collapses_asset_variants_to_scoping_identity" time="0.000" /><testcase classname="tests.test_ontology_pipeline_coercion" name="test_merge_pipeline_results_preserves_canonical_id_for_richer_named_duplicate" time="0.000" /><testcase classname="tests.test_ontology_pipeline_validation.OntologyPipelineValidationTests" name="test_apply_human_binding_keeps_asset_only_draft_blocked" time="0.000" /><testcase classname="tests.test_ontology_pipeline_validation.OntologyPipelineValidationTests" name="test_missing_required_non_id_property_becomes_human_input" time="0.000" /><testcase classname="tests.test_ontology_pipeline_validation.OntologyPipelineValidationTests" name="test_normalize_ontology_instance_infers_affects_relation" time="0.000" /><testcase classname="tests.test_ontology_pipeline_validation.OntologyPipelineValidationTests" name="test_normalize_ontology_instance_infers_has_component_relation" time="0.000" /><testcase classname="tests.test_ontology_pipeline_validation.OntologyPipelineValidationTests" name="test_retry_regression_reason_detects_asset_only_collapse" time="0.000" /><testcase classname="tests.test_ontology_pipeline_validation.OntologyPipelineValidationTests" name="test_retry_regression_reason_ignores_already_empty_baseline" time="0.000" /><testcase classname="tests.test_ontology_pipeline_validation.OntologyPipelineValidationTests" name="test_split_pages_by_section_keeps_unsectioned_filtered_pages" time="0.000" /><testcase classname="tests.test_ontology_pipeline_validation.OntologyPipelineValidationTests" name="test_validate_ontology_instance_rejects_asset_only_draft" time="0.000" /><testcase classname="tests.test_ontology_semantics.OperationalStateFailureModeTests" name="test_does_not_flag_degraded_component_conditions" time="0.000" /><testcase classname="tests.test_ontology_semantics.OperationalStateFailureModeTests" name="test_does_not_flag_programming_or_generic_failures" time="0.000" /><testcase classname="tests.test_ontology_semantics.OperationalStateFailureModeTests" name="test_flags_reversible_operational_states" time="0.000" /><testcase classname="tests.test_ontology_semantics.OntologySemanticsTests" name="test_corrective_actions_match_ignores_low_signal_verification_tail" time="0.000" /><testcase classname="tests.test_ontology_semantics.OntologySemanticsTests" name="test_infer_asset_type_prefers_specific_scope_from_title" time="0.000" /><testcase classname="tests.test_ontology_semantics.OntologySemanticsTests" name="test_normalize_asset_node_keeps_source_scope" time="0.000" /><testcase classname="tests.test_ontology_workflow_pages.OntologyWorkflowPageSelectionTests" name="test_can_still_prepend_front_matter_when_asset_identity_is_missing" time="0.000" /><testcase classname="tests.test_ontology_workflow_pages.OntologyWorkflowPageSelectionTests" name="test_keeps_scoping_selection_stable_when_asset_identity_is_known" time="0.000" /><testcase classname="tests.test_page_offset_service.PageLabelDetectionTests" name="test_detects_positive_offset_from_footers" time="0.000" /><testcase classname="tests.test_page_offset_service.PageLabelDetectionTests" name="test_inconsistent_labels_yield_no_detection" time="0.000" /><testcase classname="tests.test_page_offset_service.PageLabelDetectionTests" name="test_no_labels_yields_no_detection" time="0.000" /><testcase classname="tests.test_page_offset_service.PageLabelDetectionTests" name="test_zero_offset_document" time="0.000" /><testcase classname="tests.test_page_offset_service.TocAnchoringTests" name="test_detects_offset_and_skips_toc_pages" time="0.000" /><testcase classname="tests.test_page_offset_service.TocAnchoringTests" name="test_short_titles_are_ignored" time="0.000" /><testcase classname="tests.test_page_offset_service.CombinedDetectionTests" name="test_falls_back_to_zero_when_no_signal" time="0.000" /><testcase classname="tests.test_page_offset_service.CombinedDetectionTests" name="test_toc_supersedes_labels" time="0.000" /><testcase classname="tests.test_page_offset_service.TocRegexParseTests" name="test_parses_dotted_and_dashed_entries" time="0.000" /><testcase classname="tests.test_page_offset_service.WorkflowAutodetectionTests" name="test_explicit_offset_is_never_overridden" time="4.492" /><testcase classname="tests.test_page_offset_service.WorkflowAutodetectionTests" name="test_small_doc_cut_plan_autodetects_offset" time="1.324" /><testcase classname="tests.test_pdf_service" name="test_pdf_loader_preserves_every_physical_page" time="0.017" /><testcase classname="tests.test_pdf_service" name="test_selective_ocr_only_updates_low_text_candidate_pages" time="0.014" /><testcase classname="tests.test_pdf_service" name="test_missing_ocr_runtime_is_reported_without_losing_native_pages" time="0.013" /><testcase classname="tests.test_pipeline_block_b_fixes.RunLevelPassOrderingTests" name="test_coverage_completion_runs_before_resolution_completion" time="0.001" /><testcase classname="tests.test_pipeline_block_b_fixes.CoverageCitationCorrectionTests" name="test_chain_citation_corrected_to_the_page_that_supports_the_quote" time="0.001" /><testcase classname="tests.test_pipeline_block_b_fixes.CoveragePageBudgetTests" name="test_budget_selection_is_noop_when_everything_fits" time="0.000" /><testcase classname="tests.test_pipeline_block_b_fixes.CoveragePageBudgetTests" name="test_budget_selection_prefers_diagnostic_pages" time="0.000" /><testcase classname="tests.test_pipeline_block_b_fixes.ResolutionTargetQuotaTests" name="test_error_codes_get_a_reserved_quota_under_the_cap" time="0.000" /><testcase classname="tests.test_pipeline_block_b_fixes.ResolutionTargetQuotaTests" name="test_no_quota_needed_when_everything_fits" time="0.000" /><testcase classname="tests.test_pipeline_block_b_fixes.WildcardHumanFieldThresholdTests" name="test_large_group_collapses_into_wildcard" time="0.000" /><testcase classname="tests.test_pipeline_block_b_fixes.WildcardHumanFieldThresholdTests" name="test_small_group_keeps_per_node_fields" time="0.000" /><testcase classname="tests.test_pipeline_block_b_fixes.ChunkMergeEnrichmentTests" name="test_duplicate_node_fields_are_filled_from_both_chunks" time="0.000" /><testcase classname="tests.test_pipeline_block_b_fixes.ChunkMergeEnrichmentTests" name="test_duplicate_relation_evidence_is_unioned_across_chunks" time="0.000" /><testcase classname="tests.test_pipeline_block_b_fixes.SmallDocScopingTests" name="test_small_doc_identifies_product_and_stores_cut_plan" time="0.000" /><testcase classname="tests.test_pipeline_block_b_fixes.ApproveCutPlanMergeTests" name="test_approval_preserves_scoping_metadata" time="0.000" /><testcase classname="tests.test_pipeline_block_c_cleanup" name="test_reexport_bumps_file_version" time="0.020" /><testcase classname="tests.test_pipeline_block_c_cleanup" name="test_prepared_payload_is_persisted_without_second_prepare" time="0.004" /><testcase classname="tests.test_pipeline_block_c_cleanup" name="test_cycle_detection_reports_scc_groups_and_self_loops" time="0.000" /><testcase classname="tests.test_pipeline_block_c_cleanup" name="test_suggestions_return_multiple_candidates_per_source" time="0.000" /><testcase classname="tests.test_re_extract_hint.ReExtractHintTests" name="test_force_llm_skips_graph_projection" time="0.001" /><testcase classname="tests.test_re_extract_hint.ReExtractHintTests" name="test_hint_and_force_llm_reach_workflow_request" time="0.002" /><testcase classname="tests.test_re_extract_hint.ReExtractHintTests" name="test_hint_is_injected_into_chunk_context" time="0.001" /><testcase classname="tests.test_replay_run" name="test_replay_run_summary_events_state_and_diff" time="0.185" /><testcase classname="tests.test_run_state_schema" name="test_run_state_validates_seeded_graph_state" time="0.001" /><testcase classname="tests.test_run_store" name="test_run_store_writes_manifest_events_snapshots_and_export" time="0.051" /><testcase classname="tests.test_run_store" name="test_append_survives_restart_by_rebuilding_registry_from_manifest" time="0.012" /><testcase classname="tests.test_runs_router" name="test_list_runs_sorted_and_tolerant" time="0.047" /><testcase classname="tests.test_runs_router" name="test_get_run_payload_and_metrics_fallback" time="0.030" /><testcase classname="tests.test_runs_router" name="test_get_run_404" time="0.012" /><testcase classname="tests.test_runs_router" name="test_review_decisions_roundtrip" time="0.026" /><testcase classname="tests.test_runs_router" name="test_review_decision_invalid_verdict" time="0.015" /><testcase classname="tests.test_runs_router" name="test_last_review_decision_advances_live_run_to_export" time="0.032" /><testcase classname="tests.test_runs_router" name="test_rejected_review_node_is_removed_with_incident_relations" time="0.028" /><testcase classname="tests.test_schemas_contract" name="test_characterized_chat_events_validate_against_schema_contract" time="0.000" /><testcase classname="tests.test_schemas_contract" name="test_characterized_widget_payloads_validate_against_schema_contract" time="0.000" /><testcase classname="tests.test_schemas_contract" name="test_widget_type_enum_matches_characterized_widget_set" time="0.000" /><testcase classname="tests.test_schemas_contract" name="test_human_action_accepts_current_chat_action_shape" time="0.000" /><testcase classname="tests.test_scoping_workflow.ScopingWorkflowTests" name="test_create_cut_plan_workflow_preserves_component_pages_removed_by_language_filter" time="0.001" /><testcase classname="tests.test_spec_consistency" name="test_complete_machine_index_is_ready" time="0.040" /><testcase classname="tests.test_spec_consistency" name="test_strict_json_rejects_duplicate_keys" time="0.020" /><testcase classname="tests.test_spec_consistency" name="test_fallback_validation_works_without_jsonschema" time="0.015" /><testcase classname="tests.test_spec_consistency" name="test_duplicate_normative_heading_is_rejected" time="0.023" /><testcase classname="tests.test_spec_consistency" name="test_indexed_item_without_heading_is_rejected" time="0.020" /><testcase classname="tests.test_spec_consistency" name="test_contract_without_obligation_is_rejected" time="0.019" /><testcase classname="tests.test_spec_consistency" name="test_dataset_cannot_substitute_for_acceptance" time="0.019" /><testcase classname="tests.test_spec_consistency" name="test_obligation_requires_each_evidence_link[acceptance_ids-TRC003]" time="0.020" /><testcase classname="tests.test_spec_consistency" name="test_obligation_requires_each_evidence_link[verification_ids-TRC004]" time="0.020" /><testcase classname="tests.test_spec_consistency" name="test_obligation_requires_each_evidence_link[artifact_ids-TRC005]" time="0.020" /><testcase classname="tests.test_spec_consistency" name="test_implemented_verification_target_must_exist" time="0.020" /><testcase classname="tests.test_spec_consistency" name="test_open_product_decision_blocks_planning" time="0.020" /><testcase classname="tests.test_spec_consistency" name="test_deferred_implementation_choice_is_not_a_blocker" time="0.020" /><testcase classname="tests.test_spec_consistency" name="test_resolved_finding_requires_resolution_references" time="0.019" /><testcase classname="tests.test_spec_consistency" name="test_false_ready_declaration_is_rejected" time="0.020" /><testcase classname="tests.test_spec_consistency" name="test_approval_digest_becomes_stale_after_normative_change" time="0.017" /><testcase classname="tests.test_spec_consistency" name="test_pending_owner_approval_derives_intermediate_state" time="0.020" /><testcase classname="tests.test_spec_consistency" name="test_cli_can_require_planning_ready" time="0.015" /><testcase classname="tests.test_spec_consistency" name="test_real_normative_specification_package_is_consistent_when_index_exists" time="0.061" /><testcase classname="tests.test_style_cleanup_service" name="test_cleanup_export_ontology_applies_deterministic_normalization" time="0.001" /><testcase classname="tests.test_style_cleanup_service" name="test_cleanup_export_ontology_accepts_guarded_llm_rewrites" time="0.000" /><testcase classname="tests.test_style_cleanup_service" name="test_cleanup_export_ontology_rejects_llm_rewrites_with_numeric_drift" time="0.000" /><testcase classname="tests.test_trace_recorder" name="test_trace_recorder_writes_phase_metrics_and_supervisor_steps" time="0.024" /><testcase classname="tests.test_trace_recorder" name="test_trace_recorder_summarizes_metric_and_supervisor_text" time="0.012" /><testcase classname="tests.test_trace_recorder" name="test_multi_agent_audit_reads_persisted_trace_when_run_is_not_in_memory" time="0.015" /><testcase classname="tests.test_widget_contract" name="test_widget_payload_fixtures_validate_against_backend_schema" time="0.026" /><testcase classname="tests.test_widget_contract" name="test_triplet_widget_accepts_tool_logic_assessment_lines" time="0.001" /></testsuite></testsuites>