<?xml version="1.0" encoding="utf-8"?><testsuites name="pytest tests"><testsuite name="pytest" errors="0" failures="0" skipped="0" tests="4" time="1.730" timestamp="2026-07-29T15:25:09.761291+02:00" hostname="DTI-25650"><testcase classname="tests.planned.test_ev_acceptance" name="test_ac_ev_001" time="0.753" /><testcase classname="tests.planned.test_ev_acceptance" name="test_i06_disposition_retry_is_append_only" time="0.297" /><testcase classname="tests.planned.test_hitl_acceptance" name="test_ac_hitl_004" time="0.306" /><testcase classname="tests.planned.test_hitl_acceptance" name="test_i06_run_transition_guards_service_and_database" time="0.284" /></testsuite></testsuites>