<?xml version="1.0" encoding="utf-8"?><testsuites name="pytest tests"><testsuite name="pytest" errors="0" failures="0" skipped="0" tests="79" time="4.330" timestamp="2026-08-10T01:23:50.867713+02:00" hostname="Watch"><testcase classname="tests.test_cutplan_service.CutPlanServiceTests" name="test_extract_asset_identity_infers_brand_and_model_from_source_title" time="0.000" /><testcase classname="tests.test_cutplan_service.CutPlanServiceTests" name="test_extract_asset_identity_prefers_source_title_over_filename" time="0.000" /><testcase classname="tests.test_cutplan_service.CutPlanServiceTests" name="test_extract_asset_identity_preserves_explicit_opaque_workspace_id" time="0.000" /><testcase classname="tests.test_cutplan_service.CutPlanServiceTests" name="test_is_component_inventory_section_matches_parts_lists_and_reference_diagrams" time="0.000" /><testcase classname="tests.test_cutplan_service.CutPlanServiceTests" name="test_normalize_product_info_cleans_manual_labels" time="0.000" /><testcase classname="tests.test_cutplan_service.CutPlanServiceTests" name="test_normalize_product_info_preserves_brand_and_model_when_available" time="0.000" /><testcase classname="tests.test_cutplan_service.CutPlanServiceTests" name="test_normalize_product_info_uses_filename_fallback" time="0.000" /><testcase classname="tests.test_cutplan_service.CutPlanServiceTests" name="test_select_toc_sections_does_not_shift_when_manual_page_one_is_pdf_page_one" time="0.000" /><testcase classname="tests.test_cutplan_service.CutPlanServiceTests" name="test_select_toc_sections_includes_component_inventory_titles" time="0.000" /><testcase classname="tests.test_cutplan_service.CutPlanServiceTests" name="test_select_toc_sections_prefers_service_relevant_titles" time="0.000" /><testcase classname="tests.test_cutplan_service.FindTocPagesTests" name="test_long_toc_is_collected_beyond_six_pages" time="0.000" /><testcase classname="tests.test_cutplan_service.FindTocPagesTests" name="test_small_doc_default_window_still_15_pages" time="0.000" /><testcase classname="tests.test_cutplan_service.FindTocPagesTests" name="test_toc_behind_long_front_matter_is_found_on_large_manuals" time="0.000" /><testcase classname="tests.test_scoping_workflow.ScopingWorkflowTests" name="test_create_cut_plan_workflow_preserves_component_pages_removed_by_language_filter" time="0.006" /><testcase classname="tests.test_scoping_workflow.ScopingWorkflowTests" name="test_reliable_toc_sections_are_not_expanded_by_keyword_spans" time="0.001" /><testcase classname="tests.test_scoping_workflow.ScopingWorkflowTests" name="test_small_workspace_document_never_rediscovers_confirmed_asset" time="0.000" /><testcase classname="tests.test_scoping_workflow.ScopingWorkflowTests" name="test_workspace_toc_extracts_document_metadata_but_not_asset" time="0.001" /><testcase classname="tests.test_ontology_contract.OntologyContractTests" name="test_contract_output_has_canonical_top_level_keys" time="0.000" /><testcase classname="tests.test_ontology_contract.OntologyContractTests" name="test_contract_validation_preserves_standalone_components" time="0.000" /><testcase classname="tests.test_ontology_contract.OntologyContractTests" name="test_legacy_printer_is_migrated_to_asset" time="0.000" /><testcase classname="tests.test_ontology_pipeline_coercion" name="test_coerce_raw_ontology_data_accepts_relation_alias_key" time="0.000" /><testcase classname="tests.test_ontology_pipeline_coercion" name="test_normalize_ontology_instance_adds_missing_has_component" time="0.000" /><testcase classname="tests.test_ontology_pipeline_coercion" name="test_normalize_ontology_instance_applies_canonical_asset_identity_and_remaps_relations" time="0.000" /><testcase classname="tests.test_ontology_pipeline_coercion" name="test_merge_pipeline_results_rebuilds_missing_has_component" time="0.001" /><testcase classname="tests.test_ontology_pipeline_coercion" name="test_merge_pipeline_results_collapses_asset_variants_to_scoping_identity" time="0.000" /><testcase classname="tests.test_ontology_pipeline_coercion" name="test_merge_pipeline_results_preserves_canonical_id_for_richer_named_duplicate" time="0.001" /><testcase classname="tests.test_ontology_pipeline_validation.OntologyPipelineValidationTests" name="test_apply_human_binding_keeps_asset_only_draft_blocked" time="0.000" /><testcase classname="tests.test_ontology_pipeline_validation.OntologyPipelineValidationTests" name="test_missing_required_non_id_property_becomes_human_input" time="0.000" /><testcase classname="tests.test_ontology_pipeline_validation.OntologyPipelineValidationTests" name="test_normalize_ontology_instance_infers_affects_relation" time="0.001" /><testcase classname="tests.test_ontology_pipeline_validation.OntologyPipelineValidationTests" name="test_normalize_ontology_instance_infers_has_component_relation" time="0.000" /><testcase classname="tests.test_ontology_pipeline_validation.OntologyPipelineValidationTests" name="test_retry_regression_reason_detects_asset_only_collapse" time="0.000" /><testcase classname="tests.test_ontology_pipeline_validation.OntologyPipelineValidationTests" name="test_retry_regression_reason_ignores_already_empty_baseline" time="0.000" /><testcase classname="tests.test_ontology_pipeline_validation.OntologyPipelineValidationTests" name="test_split_pages_by_overlapping_sections_never_duplicates_physical_pages" time="0.000" /><testcase classname="tests.test_ontology_pipeline_validation.OntologyPipelineValidationTests" name="test_split_pages_by_section_keeps_unsectioned_filtered_pages" time="0.000" /><testcase classname="tests.test_ontology_pipeline_validation.OntologyPipelineValidationTests" name="test_validate_ontology_instance_rejects_asset_only_draft" time="0.000" /><testcase classname="tests.test_ontology_semantics.OperationalStateFailureModeTests" name="test_does_not_flag_degraded_component_conditions" time="0.000" /><testcase classname="tests.test_ontology_semantics.OperationalStateFailureModeTests" name="test_does_not_flag_programming_or_generic_failures" time="0.000" /><testcase classname="tests.test_ontology_semantics.OperationalStateFailureModeTests" name="test_flags_reversible_operational_states" time="0.000" /><testcase classname="tests.test_ontology_semantics.OntologySemanticsTests" name="test_corrective_actions_match_ignores_low_signal_verification_tail" time="0.000" /><testcase classname="tests.test_ontology_semantics.OntologySemanticsTests" name="test_infer_asset_type_prefers_specific_scope_from_title" time="0.000" /><testcase classname="tests.test_ontology_semantics.OntologySemanticsTests" name="test_normalize_asset_node_keeps_source_scope" time="0.000" /><testcase classname="tests.test_ontology_workflow_pages.OntologyWorkflowPageSelectionTests" name="test_can_still_prepend_front_matter_when_asset_identity_is_missing" time="0.000" /><testcase classname="tests.test_ontology_workflow_pages.OntologyWorkflowPageSelectionTests" name="test_keeps_scoping_selection_stable_when_asset_identity_is_known" time="0.000" /><testcase classname="tests.test_ontology_workflow_resilience" name="test_transient_chunk_failure_retries_only_that_operation" time="0.001" /><testcase classname="tests.test_ontology_workflow_resilience" name="test_non_transient_chunk_failure_is_not_retried" time="0.001" /><testcase classname="tests.test_ontology_coverage" name="test_internal_relation_name_is_counted" time="0.000" /><testcase classname="tests.test_ontology_coverage" name="test_error_code_is_a_valid_diagnostic_root_for_failure_mode" time="0.000" /><testcase classname="tests.test_ontology_coverage" name="test_operational_state_failure_modes_are_excluded_from_actionable_denominator" time="0.000" /><testcase classname="tests.test_ontology_coverage" name="test_resolution_outcome_splits_procedure_and_escalation" time="0.000" /><testcase classname="tests.test_canonical_asset_pipeline" name="test_canonical_asset_prompt_extracts_only_five_source_node_types" time="0.000" /><testcase classname="tests.test_canonical_asset_pipeline" name="test_canonical_asset_retry_and_relation_prompts_protect_root_structure" time="0.000" /><testcase classname="tests.test_canonical_asset_pipeline" name="test_normalization_discards_model_assets_and_injects_workspace_asset" time="0.000" /><testcase classname="tests.test_canonical_asset_pipeline" name="test_only_workspace_identity_gets_the_canonical_marker" time="0.000" /><testcase classname="tests.test_source_subgraph_validation" name="test_strict_validation_requires_one_asset_and_component_ownership" time="0.000" /><testcase classname="tests.test_source_subgraph_validation" name="test_strict_validation_rejects_missing_canonical_asset" time="0.000" /><testcase classname="tests.test_pdf_service" name="test_pdf_loader_preserves_every_physical_page" time="0.009" /><testcase classname="tests.test_pdf_service" name="test_selective_ocr_only_updates_low_text_candidate_pages" time="0.004" /><testcase classname="tests.test_pdf_service" name="test_missing_ocr_runtime_is_reported_without_losing_native_pages" time="0.004" /><testcase classname="tests.test_eval_golden" name="test_soft_match_rejects_empty_actual" time="0.001" /><testcase classname="tests.test_eval_golden" name="test_code_match_is_token_exact" time="0.000" /><testcase classname="tests.test_eval_golden" name="test_wrong_fm_ca_pairing_is_a_miss" time="0.000" /><testcase classname="tests.test_eval_golden" name="test_expected_error_code_requires_wired_code" time="0.000" /><testcase classname="tests.test_eval_golden" name="test_error_code_rooted_expected_matches_graph_chain" time="0.000" /><testcase classname="tests.test_eval_golden" name="test_expected_gap_rejects_resolved_by_even_when_projection_is_actionless" time="0.000" /><testcase classname="tests.test_eval_golden" name="test_expected_gap_passes_without_action_and_omission_is_not_negative" time="0.000" /><testcase classname="tests.test_eval_golden" name="test_expected_gap_validation_and_sibling_cause_disambiguation" time="0.001" /><testcase classname="tests.test_eval_golden" name="test_forbidden_chain_violation_is_detected" time="0.000" /><testcase classname="tests.test_eval_golden" name="test_forbidden_rules_do_not_soft_match_generic_phrases" time="0.000" /><testcase classname="tests.test_eval_golden" name="test_paraphrased_fm_is_grounded_via_relation_quote" time="0.001" /><testcase classname="tests.test_eval_golden" name="test_quality_gates_floor_and_unsupported_rate" time="0.000" /><testcase classname="tests.test_eval_golden" name="test_machine_logs_ingestion_view_is_blinded" time="0.003" /><testcase classname="tests.test_eval_golden" name="test_all_checked_in_fixtures_make_actionless_expectations_explicit" time="0.001" /><testcase classname="tests.test_eval_golden" name="test_gate_failures_include_quality_gates" time="0.000" /><testcase classname="tests.test_eval_golden" name="test_gate_failures_include_expected_gap_violations" time="0.000" /><testcase classname="tests.test_eval_golden" name="test_gate_failures_include_structural_contracts" time="0.000" /><testcase classname="tests.test_eval_golden" name="test_recall_floor_replaces_baseline_recall_comparison" time="0.001" /><testcase classname="tests.test_eval_golden" name="test_extra_chains_are_split_into_grounded_and_unsupported" time="0.000" /><testcase classname="tests.test_eval_golden" name="test_one_actual_chain_cannot_satisfy_two_expected_items" time="0.000" /><testcase classname="tests.test_eval_golden" name="test_eval_golden_mock_runs_all_fixtures_and_writes_report" time="3.681" /></testsuite></testsuites>